<?xml version="1.0" encoding="UTF-8"?>
<!-- Generated by org.testng.reporters.JUnitReportReporter -->
<testsuite hostname="ord-w-dabburb" name="com.crm.qa.testcases.EndToEndTest" tests="1" failures="0" timestamp="5 Apr 2018 02:45:21 GMT" time="25.739" errors="0">
  <testcase name="verifyContactsLinkTest" time="25.739" classname="com.crm.qa.testcases.EndToEndTest"/>
</testsuite> <!-- com.crm.qa.testcases.EndToEndTest -->
