<?xml version="1.0" encoding="UTF-8"?>
<!-- Generated by org.testng.reporters.JUnitReportReporter -->
<testsuite hostname="ord-w-dabburb" name="com.crm.qa.testcases.EndToEndTests" tests="1" failures="0" timestamp="5 Apr 2018 03:38:19 GMT" time="23.417" errors="0">
  <testcase name="verifyContactsLinkTest" time="23.417" classname="com.crm.qa.testcases.EndToEndTests"/>
</testsuite> <!-- com.crm.qa.testcases.EndToEndTests -->
