<?xml version="1.0" encoding="UTF-8"?>
<!-- Generated by org.testng.reporters.JUnitReportReporter -->
<testsuite skipped="0" hostname="Naveens-MacBook-Air.local" name="com.crm.qa.testcases.LoginPageTest" tests="3" failures="0" timestamp="12 Oct 2017 21:35:31 GMT" time="19.100" errors="0">
  <testcase name="loginPageTitleTest" time="4.344" classname="com.crm.qa.testcases.LoginPageTest"/>
  <testcase name="crmLogoImageTest" time="4.363" classname="com.crm.qa.testcases.LoginPageTest"/>
  <testcase name="loginTest" time="10.393" classname="com.crm.qa.testcases.LoginPageTest"/>
</testsuite> <!-- com.crm.qa.testcases.LoginPageTest -->
