<?xml version="1.0" encoding="UTF-8"?>
<!-- Generated by org.testng.reporters.JUnitReportReporter -->
<testsuite skipped="0" hostname="Naveens-MacBook-Air.local" name="com.crm.qa.testcases.HomePageTest" tests="3" failures="0" timestamp="12 Oct 2017 21:35:36 GMT" time="30.741" errors="0">
  <testcase name="verifyHomePageTitleTest" time="8.414" classname="com.crm.qa.testcases.HomePageTest"/>
  <testcase name="verifyUserNameTest" time="9.511" classname="com.crm.qa.testcases.HomePageTest"/>
  <testcase name="verifyContactsLinkTest" time="12.816" classname="com.crm.qa.testcases.HomePageTest"/>
</testsuite> <!-- com.crm.qa.testcases.HomePageTest -->
